[0.007s] Invoking command in '/home/huy/drone_auto/build/drone': AMENT_PREFIX_PATH=/home/huy/drone_auto/install/px4_msgs:${AMENT_PREFIX_PATH} CMAKE_PREFIX_PATH=/home/huy/drone_auto/install/px4_msgs:/home/huy/my_ws/install/quadcopter:/home/huy/my_ws/install/pkgname:/home/huy/my_ws/install/px4_msgs:/home/huy/my_ws/install/bme680_sensor:/opt/ros/humble LD_LIBRARY_PATH=/home/huy/drone_auto/install/px4_msgs/lib:${LD_LIBRARY_PATH} PYTHONPATH=/home/huy/drone_auto/install/px4_msgs/local/lib/python3.10/dist-packages:${PYTHONPATH} /usr/bin/cmake --build /home/huy/drone_auto/build/drone -- -j12 -l12
[0.038s] [35m[1mConsolidate compiler generated dependencies of target drone_auto_node[0m
[0.051s] [ 50%] [32mBuilding CXX object CMakeFiles/drone_auto_node.dir/src/drone_auto.cpp.o[0m
[2.015s] [01m[K/home/huy/drone_auto/src/drone/src/drone_auto.cpp:[m[K In lambda function:
[2.015s] [01m[K/home/huy/drone_auto/src/drone/src/drone_auto.cpp:131:20:[m[K [01;31m[Kerror: [m[Kâ€˜[01m[KSTATE[m[Kâ€™ was not declared in this scope; did you mean â€˜[01m[KESTALE[m[Kâ€™?
[2.015s]   131 |             switch([01;31m[KSTATE[m[K)
[2.015s]       |                    [01;31m[K^~~~~[m[K
[2.015s]       |                    [32m[KESTALE[m[K
[2.019s] [01m[K/home/huy/drone_auto/src/drone/src/drone_auto.cpp:134:24:[m[K [01;31m[Kerror: [m[Kâ€˜[01m[Knav_state_[m[Kâ€™ was not declared in this scope
[2.019s]   134 |                     if([01;31m[Knav_state_[m[K != MANUAL_MODE)
[2.019s]       |                        [01;31m[K^~~~~~~~~~[m[K
[2.023s] [01m[K/home/huy/drone_auto/src/drone/src/drone_auto.cpp:143:25:[m[K [01;31m[Kerror: [m[Kâ€˜[01m[Karming_state[m[Kâ€™ was not declared in this scope
[2.024s]   143 |                     if(![01;31m[Karming_state[m[K)
[2.024s]       |                         [01;31m[K^~~~~~~~~~~~[m[K
[2.028s] [01m[K/home/huy/drone_auto/src/drone/src/drone_auto.cpp:152:24:[m[K [01;31m[Kerror: [m[Kâ€˜[01m[Knav_state_[m[Kâ€™ was not declared in this scope
[2.028s]   152 |                     if([01;31m[Knav_state_[m[K != TAKEOFF_MODE)
[2.028s]       |                        [01;31m[K^~~~~~~~~~[m[K
[2.032s] [01m[K/home/huy/drone_auto/src/drone/src/drone_auto.cpp:170:24:[m[K [01;31m[Kerror: [m[Kâ€˜[01m[Knav_state_[m[Kâ€™ was not declared in this scope
[2.032s]   170 |                     if([01;31m[Knav_state_[m[K != OFFBOARD_MODE)
[2.032s]       |                        [01;31m[K^~~~~~~~~~[m[K
[2.038s] [01m[K/home/huy/drone_auto/src/drone/src/drone_auto.cpp:173:25:[m[K [01;31m[Kerror: [m[Kâ€˜[01m[Ksetpoint_velocity[m[Kâ€™ was not declared in this scope
[2.038s]   173 |                         [01;31m[Ksetpoint_velocity[m[K(1.0);
[2.038s]       |                         [01;31m[K^~~~~~~~~~~~~~~~~[m[K
[2.052s] In file included from [01m[K/opt/ros/humble/include/rclcpp/rclcpp/logging.hpp:24[m[K,
[2.052s]                  from [01m[K/opt/ros/humble/include/rclcpp/rclcpp/client.hpp:40[m[K,
[2.052s]                  from [01m[K/opt/ros/humble/include/rclcpp/rclcpp/callback_group.hpp:24[m[K,
[2.052s]                  from [01m[K/opt/ros/humble/include/rclcpp/rclcpp/any_executable.hpp:20[m[K,
[2.052s]                  from [01m[K/opt/ros/humble/include/rclcpp/rclcpp/memory_strategy.hpp:25[m[K,
[2.052s]                  from [01m[K/opt/ros/humble/include/rclcpp/rclcpp/memory_strategies.hpp:18[m[K,
[2.052s]                  from [01m[K/opt/ros/humble/include/rclcpp/rclcpp/executor_options.hpp:20[m[K,
[2.052s]                  from [01m[K/opt/ros/humble/include/rclcpp/rclcpp/executor.hpp:37[m[K,
[2.052s]                  from [01m[K/opt/ros/humble/include/rclcpp/rclcpp/executors/multi_threaded_executor.hpp:25[m[K,
[2.052s]                  from [01m[K/opt/ros/humble/include/rclcpp/rclcpp/executors.hpp:21[m[K,
[2.052s]                  from [01m[K/opt/ros/humble/include/rclcpp/rclcpp/rclcpp.hpp:155[m[K,
[2.052s]                  from [01m[K/home/huy/drone_auto/src/drone/src/drone_auto.cpp:15[m[K:
[2.052s] [01m[K/home/huy/drone_auto/src/drone/src/drone_auto.cpp:[m[K In member function â€˜[01m[Kvoid OffboardControl::landing()[m[Kâ€™:
[2.052s] [01m[K/home/huy/drone_auto/src/drone/src/drone_auto.cpp:317:51:[m[K [01;31m[Kerror: [m[Kâ€˜[01m[Knav_state_[m[Kâ€™ was not declared in this scope
[2.052s]   317 |     RCLCPP_INFO(this->get_logger(), "Mode  = %d", [01;31m[Knav_state_[m[K);
[2.052s]       |                                                   [01;31m[K^~~~~~~~~~[m[K
[7.551s] gmake[2]: *** [CMakeFiles/drone_auto_node.dir/build.make:76: CMakeFiles/drone_auto_node.dir/src/drone_auto.cpp.o] Error 1
[7.551s] gmake[1]: *** [CMakeFiles/Makefile2:137: CMakeFiles/drone_auto_node.dir/all] Error 2
[7.552s] gmake: *** [Makefile:146: all] Error 2
[7.557s] Invoked command in '/home/huy/drone_auto/build/drone' returned '2': AMENT_PREFIX_PATH=/home/huy/drone_auto/install/px4_msgs:${AMENT_PREFIX_PATH} CMAKE_PREFIX_PATH=/home/huy/drone_auto/install/px4_msgs:/home/huy/my_ws/install/quadcopter:/home/huy/my_ws/install/pkgname:/home/huy/my_ws/install/px4_msgs:/home/huy/my_ws/install/bme680_sensor:/opt/ros/humble LD_LIBRARY_PATH=/home/huy/drone_auto/install/px4_msgs/lib:${LD_LIBRARY_PATH} PYTHONPATH=/home/huy/drone_auto/install/px4_msgs/local/lib/python3.10/dist-packages:${PYTHONPATH} /usr/bin/cmake --build /home/huy/drone_auto/build/drone -- -j12 -l12
