[0.016s] Invoking command in '/home/huy/drone_auto/build/drone': CMAKE_PREFIX_PATH=/home/huy/drone_auto/install/px4_msgs:/home/huy/drone_auto/install/shape_info:/home/huy/drone_auto/install/drone:/home/huy/my_ws/install/quadcopter:/home/huy/my_ws/install/pkgname:/home/huy/my_ws/install/px4_msgs:/home/huy/drone_auto/install/test_serial:/home/huy/drone_auto/install/my_shape_detector:/home/huy/my_ws/install/bme680_sensor:/opt/ros/humble LD_LIBRARY_PATH=/home/huy/drone_auto/install/px4_msgs/lib:/home/huy/drone_auto/install/shape_info/lib:/home/huy/my_ws/install/px4_msgs/lib:/opt/ros/humble/opt/rviz_ogre_vendor/lib:/opt/ros/humble/lib/x86_64-linux-gnu:/opt/ros/humble/lib /usr/bin/cmake --build /home/huy/drone_auto/build/drone -- -j12 -l12
[0.154s] [35m[1mConsolidate compiler generated dependencies of target drone_auto_node[0m
[0.181s] [ 50%] [32mBuilding CXX object CMakeFiles/drone_auto_node.dir/src/drone_auto.cpp.o[0m
[3.892s] [01m[K/home/huy/drone_auto/src/drone/src/drone_auto.cpp:222:86:[m[K [01;31m[Kerror: [m[Kexpected â€˜[01m[K;[m[Kâ€™ at end of member declaration
[3.892s]   222 | ler_xyz(float DesiredValueX, float DesiredValueY, float DesiredValueZ[01;31m[K)[m[K
[3.893s]       |                                                                      [01;31m[K^[m[K
[3.893s]       |                                                                       [32m[K;[m[K
[4.260s] [01m[K/home/huy/drone_auto/src/drone/src/drone_auto.cpp:[m[K In member function â€˜[01m[Kstd::array<float, 4> OffboardControl::RPY_to_Quaternion(float, float, float)[m[Kâ€™:
[4.260s] [01m[K/home/huy/drone_auto/src/drone/src/drone_auto.cpp:442:5:[m[K [01;31m[Kerror: [m[Kâ€˜[01m[Kquaternion[m[Kâ€™ was not declared in this scope
[4.260s]   442 |     [01;31m[Kquaternion[m[K[0] = cr * cp * cy + sr * sp * sy;
[4.260s]       |     [01;31m[K^~~~~~~~~~[m[K
[4.260s] [01m[K/home/huy/drone_auto/src/drone/src/drone_auto.cpp:[m[K In member function â€˜[01m[Kvoid OffboardControl::Controller_xyz(float, float, float)[m[Kâ€™:
[4.260s] [01m[K/home/huy/drone_auto/src/drone/src/drone_auto.cpp:516:85:[m[K [01;31m[Kerror: [m[Kcannot convert â€˜[01m[Kstd::array<float, 4>[m[Kâ€™ to â€˜[01m[Kfloat*[m[Kâ€™
[4.260s]   516 | ude_setpoint(Controller_z(DesiredValueZ), [01;31m[KRPY_to_Quaternion(Pitch_d, -Roll_d, Yaw_hover + M_PI/2)[m[K);
[4.260s]       |                                           [01;31m[K~~~~~~~~~~~~~~~~~^~~~~~~~~~~~~~~~~~~~~~~~~~~~~~~~~~~~~~[m[K
[4.260s]       |                                                            [01;31m[K|[m[K
[4.260s]       |                                                            [01;31m[Kstd::array<float, 4>[m[K
[4.261s] 
[4.261s] [01m[K/home/huy/drone_auto/src/drone/src/drone_auto.cpp:419:79:[m[K [01;36m[Knote: [m[K  initializing argument 2 of â€˜[01m[Kvoid OffboardControl::publish_vehicle_attitude_setpoint(float, float*)[m[Kâ€™
[4.261s]   419 | l::publish_vehicle_attitude_setpoint(float thrust_z, [01;36m[Kfloat quaternion[4][m[K)
[4.261s]       |                                                      [01;36m[K~~~~~~^~~~~~~~~~~~~[m[K
[4.261s] 
[12.835s] gmake[2]: *** [CMakeFiles/drone_auto_node.dir/build.make:76: CMakeFiles/drone_auto_node.dir/src/drone_auto.cpp.o] Error 1
[12.836s] gmake[1]: *** [CMakeFiles/Makefile2:137: CMakeFiles/drone_auto_node.dir/all] Error 2
[12.836s] gmake: *** [Makefile:146: all] Error 2
[12.844s] Invoked command in '/home/huy/drone_auto/build/drone' returned '2': CMAKE_PREFIX_PATH=/home/huy/drone_auto/install/px4_msgs:/home/huy/drone_auto/install/shape_info:/home/huy/drone_auto/install/drone:/home/huy/my_ws/install/quadcopter:/home/huy/my_ws/install/pkgname:/home/huy/my_ws/install/px4_msgs:/home/huy/drone_auto/install/test_serial:/home/huy/drone_auto/install/my_shape_detector:/home/huy/my_ws/install/bme680_sensor:/opt/ros/humble LD_LIBRARY_PATH=/home/huy/drone_auto/install/px4_msgs/lib:/home/huy/drone_auto/install/shape_info/lib:/home/huy/my_ws/install/px4_msgs/lib:/opt/ros/humble/opt/rviz_ogre_vendor/lib:/opt/ros/humble/lib/x86_64-linux-gnu:/opt/ros/humble/lib /usr/bin/cmake --build /home/huy/drone_auto/build/drone -- -j12 -l12
