[0.008s] Invoking command in '/home/huy/drone_auto/build/drone': CMAKE_PREFIX_PATH=${CMAKE_PREFIX_PATH}:/home/huy/my_ws/install/bme680_sensor:/opt/ros/humble /usr/bin/cmake --build /home/huy/drone_auto/build/drone -- -j12 -l12
[0.040s] [35m[1mConsolidate compiler generated dependencies of target drone_auto_node[0m
[0.050s] [ 50%] [32mBuilding CXX object CMakeFiles/drone_auto_node.dir/src/drone_auto.cpp.o[0m
[2.160s] [01m[K/home/huy/drone_auto/src/drone/src/drone_auto.cpp:[m[K In lambda function:
[2.160s] [01m[K/home/huy/drone_auto/src/drone/src/drone_auto.cpp:131:20:[m[K [01;31m[Kerror: [m[Kâ€˜[01m[KSTATE[m[Kâ€™ was not declared in this scope; did you mean â€˜[01m[KESTALE[m[Kâ€™?
[2.160s]   131 |             switch([01;31m[KSTATE[m[K)
[2.161s]       |                    [01;31m[K^~~~~[m[K
[2.161s]       |                    [32m[KESTALE[m[K
[2.165s] [01m[K/home/huy/drone_auto/src/drone/src/drone_auto.cpp:134:24:[m[K [01;31m[Kerror: [m[Kâ€˜[01m[Knav_state_[m[Kâ€™ was not declared in this scope
[2.165s]   134 |                     if([01;31m[Knav_state_[m[K != MANUAL_MODE)
[2.166s]       |                        [01;31m[K^~~~~~~~~~[m[K
[2.166s] [01m[K/home/huy/drone_auto/src/drone/src/drone_auto.cpp:135:31:[m[K [01;31m[Kerror: [m[Kâ€˜[01m[Kclass OffboardControl[m[Kâ€™ has no member named â€˜[01m[Kmanual[m[Kâ€™
[2.166s]   135 |                         this->[01;31m[Kmanual[m[K();
[2.166s]       |                               [01;31m[K^~~~~~[m[K
[2.171s] [01m[K/home/huy/drone_auto/src/drone/src/drone_auto.cpp:143:25:[m[K [01;31m[Kerror: [m[Kâ€˜[01m[Karming_state[m[Kâ€™ was not declared in this scope
[2.171s]   143 |                     if(![01;31m[Karming_state[m[K)
[2.171s]       |                         [01;31m[K^~~~~~~~~~~~[m[K
[2.177s] [01m[K/home/huy/drone_auto/src/drone/src/drone_auto.cpp:152:24:[m[K [01;31m[Kerror: [m[Kâ€˜[01m[Knav_state_[m[Kâ€™ was not declared in this scope
[2.177s]   152 |                     if([01;31m[Knav_state_[m[K != TAKEOFF_MODE)
[2.177s]       |                        [01;31m[K^~~~~~~~~~[m[K
[2.177s] [01m[K/home/huy/drone_auto/src/drone/src/drone_auto.cpp:153:31:[m[K [01;31m[Kerror: [m[Kâ€˜[01m[Kclass OffboardControl[m[Kâ€™ has no member named â€˜[01m[Ktakeoff[m[Kâ€™
[2.177s]   153 |                         this->[01;31m[Ktakeoff[m[K();
[2.177s]       |                               [01;31m[K^~~~~~~[m[K
[2.183s] [01m[K/home/huy/drone_auto/src/drone/src/drone_auto.cpp:170:24:[m[K [01;31m[Kerror: [m[Kâ€˜[01m[Knav_state_[m[Kâ€™ was not declared in this scope
[2.183s]   170 |                     if([01;31m[Knav_state_[m[K != OFFBOARD_MODE)
[2.183s]       |                        [01;31m[K^~~~~~~~~~[m[K
[2.183s] [01m[K/home/huy/drone_auto/src/drone/src/drone_auto.cpp:171:31:[m[K [01;31m[Kerror: [m[Kâ€˜[01m[Kclass OffboardControl[m[Kâ€™ has no member named â€˜[01m[Koffboard[m[Kâ€™
[2.183s]   171 |                         this->[01;31m[Koffboard[m[K();
[2.183s]       |                               [01;31m[K^~~~~~~~[m[K
[2.191s] [01m[K/home/huy/drone_auto/src/drone/src/drone_auto.cpp:173:25:[m[K [01;31m[Kerror: [m[Kâ€˜[01m[Ksetpoint_velocity[m[Kâ€™ was not declared in this scope
[2.191s]   173 |                         [01;31m[Ksetpoint_velocity[m[K(1.0);
[2.192s]       |                         [01;31m[K^~~~~~~~~~~~~~~~~[m[K
[7.893s] gmake[2]: *** [CMakeFiles/drone_auto_node.dir/build.make:76: CMakeFiles/drone_auto_node.dir/src/drone_auto.cpp.o] Error 1
[7.893s] gmake[1]: *** [CMakeFiles/Makefile2:137: CMakeFiles/drone_auto_node.dir/all] Error 2
[7.893s] gmake: *** [Makefile:146: all] Error 2
[7.895s] Invoked command in '/home/huy/drone_auto/build/drone' returned '2': CMAKE_PREFIX_PATH=${CMAKE_PREFIX_PATH}:/home/huy/my_ws/install/bme680_sensor:/opt/ros/humble /usr/bin/cmake --build /home/huy/drone_auto/build/drone -- -j12 -l12
