[01m[K/home/huy/drone_auto/src/drone/src/drone_auto.cpp:[m[K In lambda function:
[01m[K/home/huy/drone_auto/src/drone/src/drone_auto.cpp:179:25:[m[K [01;31m[Kerror: [m[Kexpected â€˜[01m[K;[m[Kâ€™ before â€˜[01m[KVel[m[Kâ€™
  179 |                         [01;31m[KVel[m[K = std::clamp(Vel, 0.0f, 1.0f);
      |                         [01;31m[K^~~[m[K
gmake[2]: *** [CMakeFiles/drone_auto_node.dir/build.make:76: CMakeFiles/drone_auto_node.dir/src/drone_auto.cpp.o] Error 1
gmake[1]: *** [CMakeFiles/Makefile2:137: CMakeFiles/drone_auto_node.dir/all] Error 2
gmake: *** [Makefile:146: all] Error 2
