[0.008s] Invoking command in '/home/huy/drone_auto/build/drone': CMAKE_PREFIX_PATH=/home/huy/drone_auto/install/px4_msgs:/home/huy/drone_auto/install/drone:/home/huy/my_ws/install/quadcopter:/home/huy/my_ws/install/pkgname:/home/huy/my_ws/install/px4_msgs:/home/huy/my_ws/install/bme680_sensor:/opt/ros/humble /usr/bin/cmake --build /home/huy/drone_auto/build/drone -- -j12 -l12
[0.052s] [35m[1mConsolidate compiler generated dependencies of target drone_auto_node[0m
[0.068s] [ 50%] [32mBuilding CXX object CMakeFiles/drone_auto_node.dir/src/drone_auto.cpp.o[0m
[2.926s] [01m[K/home/huy/drone_auto/src/drone/src/drone_auto.cpp:[m[K In lambda function:
[2.926s] [01m[K/home/huy/drone_auto/src/drone/src/drone_auto.cpp:180:42:[m[K [01;31m[Kerror: [m[Kno matching function for call to â€˜[01m[KOffboardControl::velocity_setpoint()[m[Kâ€™
[2.926s]   180 |                         [01;31m[Kvelocity_setpoint()[m[K;
[2.926s]       |                         [01;31m[K~~~~~~~~~~~~~~~~~^~[m[K
[2.926s] [01m[K/home/huy/drone_auto/src/drone/src/drone_auto.cpp:196:10:[m[K [01;36m[Knote: [m[Kcandidate: â€˜[01m[Kvoid OffboardControl::velocity_setpoint(float, float, float)[m[Kâ€™
[2.926s]   196 |     void [01;36m[Kvelocity_setpoint[m[K(float vx, float vy, float vz);
[2.926s]       |          [01;36m[K^~~~~~~~~~~~~~~~~[m[K
[2.932s] [01m[K/home/huy/drone_auto/src/drone/src/drone_auto.cpp:196:10:[m[K [01;36m[Knote: [m[K  candidate expects 3 arguments, 0 provided
[11.430s] gmake[2]: *** [CMakeFiles/drone_auto_node.dir/build.make:76: CMakeFiles/drone_auto_node.dir/src/drone_auto.cpp.o] Error 1
[11.430s] gmake[1]: *** [CMakeFiles/Makefile2:137: CMakeFiles/drone_auto_node.dir/all] Error 2
[11.431s] gmake: *** [Makefile:146: all] Error 2
[11.434s] Invoked command in '/home/huy/drone_auto/build/drone' returned '2': CMAKE_PREFIX_PATH=/home/huy/drone_auto/install/px4_msgs:/home/huy/drone_auto/install/drone:/home/huy/my_ws/install/quadcopter:/home/huy/my_ws/install/pkgname:/home/huy/my_ws/install/px4_msgs:/home/huy/my_ws/install/bme680_sensor:/opt/ros/humble /usr/bin/cmake --build /home/huy/drone_auto/build/drone -- -j12 -l12
